<html>
<head>
<title>TestNG:  Unit Test</title>
<link href="../testng.css" rel="stylesheet" type="text/css" />
<link href="../my-testng.css" rel="stylesheet" type="text/css" />

<style type="text/css">
.log { display: none;} 
.stack-trace { display: none;} 
</style>
<script type="text/javascript">
<!--
function flip(e) {
  current = e.style.display;
  if (current == 'block') {
    e.style.display = 'none';
    return 0;
  }
  else {
    e.style.display = 'block';
    return 1;
  }
}

function toggleBox(szDivId, elem, msg1, msg2)
{
  var res = -1;  if (document.getElementById) {
    res = flip(document.getElementById(szDivId));
  }
  else if (document.all) {
    // this is the way old msie versions work
    res = flip(document.all[szDivId]);
  }
  if(elem) {
    if(res == 0) elem.innerHTML = msg1; else elem.innerHTML = msg2;
  }

}

function toggleAllBoxes() {
  if (document.getElementsByTagName) {
    d = document.getElementsByTagName('div');
    for (i = 0; i < d.length; i++) {
      if (d[i].className == 'log') {
        flip(d[i]);
      }
    }
  }
}

// -->
</script>

</head>
<body>
<h2 align='center'>Unit Test</h2><table border='1' align="center">
<tr>
<td>Tests passed/Failed/Skipped:</td><td>2/3/0</td>
</tr><tr>
<td>Started on:</td><td>Tue Aug 22 23:47:54 CDT 2017</td>
</tr>
<tr><td>Total time:</td><td>0 seconds (32 ms)</td>
</tr><tr>
<td>Included groups:</td><td></td>
</tr><tr>
<td>Excluded groups:</td><td></td>
</tr>
</table><p/>
<small><i>(Hover the method name to see the test class name)</i></small><p/>
<table width='100%' border='1' class='invocation-failed'>
<tr><td colspan='4' align='center'><b>FAILED TESTS</b></td></tr>
<tr><td><b>Test method</b></td>
<td width="30%"><b>Exception</b></td>
<td width="10%"><b>Time (seconds)</b></td>
<td><b>Instance</b></td>
</tr>
<tr>
<td title='testclasses.SampleTest.testMethod1()'><b>testMethod1</b><br>Test class: testclasses.SampleTest</td>
<td><div><pre>org.testng.TestNGException: 
Cannot inject @Test annotated Method [testMethod1] with [class java.lang.String, class java.lang.String].
For more information on native dependency injection please refer to http://testng.org/doc/documentation-main.html#native-dependency-injection
	at java.util.concurrent.ThreadPoolExecutor.runWorker(Unknown Source)
	at java.util.concurrent.ThreadPoolExecutor$Worker.run(Unknown Source)
	at java.lang.Thread.run(Unknown Source)
... Removed 9 stack frames</pre></div><a href='#' onClick='toggleBox("stack-trace1790064224", this, "Click to show all stack frames", "Click to hide stack frames")'>Click to show all stack frames</a>
<div class='stack-trace' id='stack-trace1790064224'><pre>org.testng.TestNGException: 
Cannot inject @Test annotated Method [testMethod1] with [class java.lang.String, class java.lang.String].
For more information on native dependency injection please refer to http://testng.org/doc/documentation-main.html#native-dependency-injection
	at org.testng.internal.Parameters.checkParameterTypes(Parameters.java:244)
	at org.testng.internal.Parameters.createParameters(Parameters.java:172)
	at org.testng.internal.Parameters.createParameters(Parameters.java:458)
	at org.testng.internal.Parameters.handleParameters(Parameters.java:569)
	at org.testng.internal.Invoker.handleParameters(Invoker.java:1308)
	at org.testng.internal.Invoker.createParameters(Invoker.java:1036)
	at org.testng.internal.Invoker.invokeTestMethods(Invoker.java:1126)
	at org.testng.internal.TestMethodWorker.invokeTestMethods(TestMethodWorker.java:126)
	at org.testng.internal.TestMethodWorker.run(TestMethodWorker.java:109)
	at java.util.concurrent.ThreadPoolExecutor.runWorker(Unknown Source)
	at java.util.concurrent.ThreadPoolExecutor$Worker.run(Unknown Source)
	at java.lang.Thread.run(Unknown Source)
</pre></div></td>
<td>0</td>
<td>testclasses.SampleTest@4dfa3a9d</td></tr>
<tr>
<td title='testclasses.SampleTest.testMethod2()'><b>testMethod2</b><br>Test class: testclasses.SampleTest<br/>
<a href="#Output-581008347" onClick='toggleBox("Output-581008347", this, "Show output", "Hide output");'>Show output</a>

<a href="#Output-581008347" onClick="toggleAllBoxes();">Show all outputs</a>
<div class='log' id="Output-581008347">
On Test Start Listner: Begining Test name : testMethod2 started execution<br/>
On Test Fail Listner -> I Can Take Screen Shots & Test Method testMethod2 has FAILED<br/>
</div>
</td>
<td><div><pre>java.lang.AssertionError: The following asserts failed:
	testMethod2 - Values do not match expected [Hello World] but found [Anil.TestAutomationFramework.SomeClassToTest@14342062]
	at testclasses.SampleTest.testMethod2(SampleTest.java:28)
	at java.util.concurrent.ThreadPoolExecutor.runWorker(Unknown Source)
	at java.util.concurrent.ThreadPoolExecutor$Worker.run(Unknown Source)
	at java.lang.Thread.run(Unknown Source)
... Removed 11 stack frames</pre></div><a href='#' onClick='toggleBox("stack-trace581008347", this, "Click to show all stack frames", "Click to hide stack frames")'>Click to show all stack frames</a>
<div class='stack-trace' id='stack-trace581008347'><pre>java.lang.AssertionError: The following asserts failed:
	testMethod2 - Values do not match expected [Hello World] but found [Anil.TestAutomationFramework.SomeClassToTest@14342062]
	at org.testng.asserts.SoftAssert.assertAll(SoftAssert.java:43)
	at testclasses.SampleTest.testMethod2(SampleTest.java:28)
	at sun.reflect.NativeMethodAccessorImpl.invoke0(Native Method)
	at sun.reflect.NativeMethodAccessorImpl.invoke(Unknown Source)
	at sun.reflect.DelegatingMethodAccessorImpl.invoke(Unknown Source)
	at java.lang.reflect.Method.invoke(Unknown Source)
	at org.testng.internal.MethodInvocationHelper.invokeMethod(MethodInvocationHelper.java:108)
	at org.testng.internal.Invoker.invokeMethod(Invoker.java:661)
	at org.testng.internal.Invoker.invokeTestMethod(Invoker.java:869)
	at org.testng.internal.Invoker.invokeTestMethods(Invoker.java:1193)
	at org.testng.internal.TestMethodWorker.invokeTestMethods(TestMethodWorker.java:126)
	at org.testng.internal.TestMethodWorker.run(TestMethodWorker.java:109)
	at java.util.concurrent.ThreadPoolExecutor.runWorker(Unknown Source)
	at java.util.concurrent.ThreadPoolExecutor$Worker.run(Unknown Source)
	at java.lang.Thread.run(Unknown Source)
</pre></div></td>
<td>0</td>
<td>testclasses.SampleTest@4dfa3a9d</td></tr>
<tr>
<td title='testclasses.SampleTest.testmethod4()'><b>testmethod4</b><br>Test class: testclasses.SampleTest<br/>
<a href="#Output-1072558427" onClick='toggleBox("Output-1072558427", this, "Show output", "Hide output");'>Show output</a>

<a href="#Output-1072558427" onClick="toggleAllBoxes();">Show all outputs</a>
<div class='log' id="Output-1072558427">
On Test Start Listner: Begining Test name : testmethod4 started execution<br/>
Running Test -> testMethod4 -> Soft Assert 1<br/>
Running Test -> testMethod4 -> Soft Assert 2<br/>
On Test Fail Listner -> I Can Take Screen Shots & Test Method testmethod4 has FAILED<br/>
</div>
</td>
<td><div><pre>java.lang.AssertionError: The following asserts failed:
	testMethod2 - Values do not match expected [Hello World] but found [Anil.TestAutomationFramework.SomeClassToTest@14342062],
	 expected [3] but found [4],
	expected [10] but found [20]
	at testclasses.SampleTest.testmethod4(SampleTest.java:51)
	at java.util.concurrent.ThreadPoolExecutor.runWorker(Unknown Source)
	at java.util.concurrent.ThreadPoolExecutor$Worker.run(Unknown Source)
	at java.lang.Thread.run(Unknown Source)
... Removed 11 stack frames</pre></div><a href='#' onClick='toggleBox("stack-trace1072558427", this, "Click to show all stack frames", "Click to hide stack frames")'>Click to show all stack frames</a>
<div class='stack-trace' id='stack-trace1072558427'><pre>java.lang.AssertionError: The following asserts failed:
	testMethod2 - Values do not match expected [Hello World] but found [Anil.TestAutomationFramework.SomeClassToTest@14342062],
	 expected [3] but found [4],
	expected [10] but found [20]
	at org.testng.asserts.SoftAssert.assertAll(SoftAssert.java:43)
	at testclasses.SampleTest.testmethod4(SampleTest.java:51)
	at sun.reflect.NativeMethodAccessorImpl.invoke0(Native Method)
	at sun.reflect.NativeMethodAccessorImpl.invoke(Unknown Source)
	at sun.reflect.DelegatingMethodAccessorImpl.invoke(Unknown Source)
	at java.lang.reflect.Method.invoke(Unknown Source)
	at org.testng.internal.MethodInvocationHelper.invokeMethod(MethodInvocationHelper.java:108)
	at org.testng.internal.Invoker.invokeMethod(Invoker.java:661)
	at org.testng.internal.Invoker.invokeTestMethod(Invoker.java:869)
	at org.testng.internal.Invoker.invokeTestMethods(Invoker.java:1193)
	at org.testng.internal.TestMethodWorker.invokeTestMethods(TestMethodWorker.java:126)
	at org.testng.internal.TestMethodWorker.run(TestMethodWorker.java:109)
	at java.util.concurrent.ThreadPoolExecutor.runWorker(Unknown Source)
	at java.util.concurrent.ThreadPoolExecutor$Worker.run(Unknown Source)
	at java.lang.Thread.run(Unknown Source)
</pre></div></td>
<td>0</td>
<td>testclasses.SampleTest@4dfa3a9d</td></tr>
</table><p>
<table width='100%' border='1' class='invocation-passed'>
<tr><td colspan='4' align='center'><b>PASSED TESTS</b></td></tr>
<tr><td><b>Test method</b></td>
<td width="30%"><b>Exception</b></td>
<td width="10%"><b>Time (seconds)</b></td>
<td><b>Instance</b></td>
</tr>
<tr>
<td title='testclasses.SampleTest.testMethod3()'><b>testMethod3</b><br>Test class: testclasses.SampleTest<br/>
<a href="#Output-1102353933" onClick='toggleBox("Output-1102353933", this, "Show output", "Hide output");'>Show output</a>

<a href="#Output-1102353933" onClick="toggleAllBoxes();">Show all outputs</a>
<div class='log' id="Output-1102353933">
On Test Start Listner: Begining Test name : testMethod3 started execution<br/>
On Test Success Listner: Test Name : testMethod3 Passed successfully<br/>
</div>
</td>
<td></td>
<td>0</td>
<td>testclasses.SampleTest@4dfa3a9d</td></tr>
<tr>
<td title='testclasses.SampleTest.testmethod5()'><b>testmethod5</b><br>Test class: testclasses.SampleTest<br/>
<a href="#Output-1765236175" onClick='toggleBox("Output-1765236175", this, "Show output", "Hide output");'>Show output</a>

<a href="#Output-1765236175" onClick="toggleAllBoxes();">Show all outputs</a>
<div class='log' id="Output-1765236175">
On Test Start Listner: Begining Test name : testmethod5 started execution<br/>
On Test Success Listner: Test Name : testmethod5 Passed successfully<br/>
</div>
</td>
<td></td>
<td>0</td>
<td>testclasses.SampleTest@4dfa3a9d</td></tr>
</table><p>
</body>
</html>