<!DOCTYPE html PUBLIC "-//W3C//DTD XHTML 1.1//EN" "http://www.w3.org/TR/xhtml11/DTD/xhtml11.dtd">
<html xmlns="http://www.w3.org/1999/xhtml"><head><title>TestNG Report</title><style type="text/css">table {margin-bottom:10px;border-collapse:collapse;empty-cells:show}th,td {border:1px solid #009;padding:.25em .5em}th {vertical-align:bottom}td {vertical-align:top}table a {font-weight:bold}.stripe td {background-color: #E6EBF9}.num {text-align:right}.passedodd td {background-color: #3F3}.passedeven td {background-color: #0A0}.skippedodd td {background-color: #DDD}.skippedeven td {background-color: #CCC}.failedodd td,.attn {background-color: #F33}.failedeven td,.stripe .attn {background-color: #D00}.stacktrace {white-space:pre;font-family:monospace}.totop {font-size:85%;text-align:center;border-bottom:2px solid #000}</style></head><body><table><tr><th>Test</th><th># Passed</th><th># Skipped</th><th># Failed</th><th>Time (ms)</th><th>Included Groups</th><th>Excluded Groups</th></tr><tr><th colspan="7">Anil Unit and Selenium Test Suite</th></tr><tr><td><a href="#t0">Unit Test</a></td><td class="num">2</td><td class="num">0</td><td class="num attn">3</td><td class="num">32</td><td></td><td></td></tr><tr class="stripe"><td><a href="#t1">Selenium Test 1</a></td><td class="num">0</td><td class="num">0</td><td class="num attn">1</td><td class="num">12,793</td><td></td><td></td></tr><tr><td><a href="#t2">Selenium Test 2</a></td><td class="num">1</td><td class="num">0</td><td class="num">0</td><td class="num">11,920</td><td></td><td></td></tr><tr><th>Total</th><th class="num">3</th><th class="num">0</th><th class="num attn">4</th><th class="num">24,745</th><th colspan="2"></th></tr></table><table id='summary'><thead><tr><th>Class</th><th>Method</th><th>Start</th><th>Time (ms)</th></tr></thead><tbody><tr><th colspan="4">Anil Unit and Selenium Test Suite</th></tr></tbody><tbody id="t0"><tr><th colspan="4">Unit Test &#8212; failed</th></tr><tr class="failedeven"><td rowspan="3">testclasses.SampleTest</td><td><a href="#m0">testMethod1</a></td><td rowspan="1">1503463674310</td><td rowspan="1">0</td></tr><tr class="failedeven"><td><a href="#m1">testMethod2</a></td><td rowspan="1">1503463674320</td><td rowspan="1">4</td></tr><tr class="failedeven"><td><a href="#m2">testmethod4</a></td><td rowspan="1">1503463674328</td><td rowspan="1">1</td></tr><tr><th colspan="4">Unit Test &#8212; passed</th></tr><tr class="passedeven"><td rowspan="2">testclasses.SampleTest</td><td><a href="#m3">testMethod3</a></td><td rowspan="1">1503463674326</td><td rowspan="1">1</td></tr><tr class="passedeven"><td><a href="#m4">testmethod5</a></td><td rowspan="1">1503463674330</td><td rowspan="1">0</td></tr></tbody><tbody id="t1"><tr><th colspan="4">Selenium Test 1 &#8212; failed</th></tr><tr class="failedeven"><td rowspan="1">testclasses.SeleniumTest1</td><td><a href="#m5">selenium_testmethod1</a></td><td rowspan="1">1503463683343</td><td rowspan="1">2307</td></tr></tbody><tbody id="t2"><tr><th colspan="4">Selenium Test 2 &#8212; passed</th></tr><tr class="passedeven"><td rowspan="1">testclasses.SeleniumTest2</td><td><a href="#m6">selenium_testmethod2</a></td><td rowspan="1">1503463695621</td><td rowspan="1">2233</td></tr></tbody></table><h2>Unit Test</h2><h3 id="m0">testclasses.SampleTest#testMethod1</h3><table class="result"><tr><th>Exception</th></tr><tr><td><div class="stacktrace">org.testng.TestNGException: 
Cannot inject @Test annotated Method [testMethod1] with [class java.lang.String, class java.lang.String].
For more information on native dependency injection please refer to http://testng.org/doc/documentation-main.html#native-dependency-injection
	at java.util.concurrent.ThreadPoolExecutor.runWorker(Unknown Source)
	at java.util.concurrent.ThreadPoolExecutor$Worker.run(Unknown Source)
	at java.lang.Thread.run(Unknown Source)
... Removed 9 stack frames</div></td></tr></table><p class="totop"><a href="#summary">back to summary</a></p><h3 id="m1">testclasses.SampleTest#testMethod2</h3><table class="result"><tr><th>Messages</th></tr><tr><td><div class="messages">On Test Start Listner: Begining Test name : testMethod2 started execution<br/>On Test Fail Listner -> I Can Take Screen Shots & Test Method testMethod2 has FAILED</div></td></tr><tr><th>Exception</th></tr><tr><td><div class="stacktrace">java.lang.AssertionError: The following asserts failed:
	testMethod2 - Values do not match expected [Hello World] but found [Anil.TestAutomationFramework.SomeClassToTest@14342062]
	at testclasses.SampleTest.testMethod2(SampleTest.java:28)
	at java.util.concurrent.ThreadPoolExecutor.runWorker(Unknown Source)
	at java.util.concurrent.ThreadPoolExecutor$Worker.run(Unknown Source)
	at java.lang.Thread.run(Unknown Source)
... Removed 11 stack frames</div></td></tr></table><p class="totop"><a href="#summary">back to summary</a></p><h3 id="m2">testclasses.SampleTest#testmethod4</h3><table class="result"><tr><th>Messages</th></tr><tr><td><div class="messages">On Test Start Listner: Begining Test name : testmethod4 started execution<br/>Running Test -> testMethod4 -> Soft Assert 1<br/>Running Test -> testMethod4 -> Soft Assert 2<br/>On Test Fail Listner -> I Can Take Screen Shots & Test Method testmethod4 has FAILED</div></td></tr><tr><th>Exception</th></tr><tr><td><div class="stacktrace">java.lang.AssertionError: The following asserts failed:
	testMethod2 - Values do not match expected [Hello World] but found [Anil.TestAutomationFramework.SomeClassToTest@14342062],
	 expected [3] but found [4],
	expected [10] but found [20]
	at testclasses.SampleTest.testmethod4(SampleTest.java:51)
	at java.util.concurrent.ThreadPoolExecutor.runWorker(Unknown Source)
	at java.util.concurrent.ThreadPoolExecutor$Worker.run(Unknown Source)
	at java.lang.Thread.run(Unknown Source)
... Removed 11 stack frames</div></td></tr></table><p class="totop"><a href="#summary">back to summary</a></p><h3 id="m3">testclasses.SampleTest#testMethod3</h3><table class="result"><tr><th>Messages</th></tr><tr><td><div class="messages">On Test Start Listner: Begining Test name : testMethod3 started execution<br/>On Test Success Listner: Test Name : testMethod3 Passed successfully</div></td></tr></table><p class="totop"><a href="#summary">back to summary</a></p><h3 id="m4">testclasses.SampleTest#testmethod5</h3><table class="result"><tr><th>Messages</th></tr><tr><td><div class="messages">On Test Start Listner: Begining Test name : testmethod5 started execution<br/>On Test Success Listner: Test Name : testmethod5 Passed successfully</div></td></tr></table><p class="totop"><a href="#summary">back to summary</a></p><h2>Selenium Test 1</h2><h3 id="m5">testclasses.SeleniumTest1#selenium_testmethod1</h3><table class="result"><tr><th>Messages</th></tr><tr><td><div class="messages">On Test Start Listner: Begining Test name : selenium_testmethod1 started execution<br/>Value taken from screen is: Email is already taken<br/>On Test Fail Listner -> I Can Take Screen Shots & Test Method selenium_testmethod1 has FAILED</div></td></tr><tr><th>Exception</th></tr><tr><td><div class="stacktrace">java.lang.AssertionError: expected [true] but found [false]
	at testclasses.SeleniumTest1.selenium_testmethod1(SeleniumTest1.java:42)
	at java.util.concurrent.ThreadPoolExecutor.runWorker(Unknown Source)
	at java.util.concurrent.ThreadPoolExecutor$Worker.run(Unknown Source)
	at java.lang.Thread.run(Unknown Source)
... Removed 14 stack frames</div></td></tr></table><p class="totop"><a href="#summary">back to summary</a></p><h2>Selenium Test 2</h2><h3 id="m6">testclasses.SeleniumTest2#selenium_testmethod2</h3><table class="result"><tr><th>Messages</th></tr><tr><td><div class="messages">On Test Start Listner: Begining Test name : selenium_testmethod2 started execution<br/>Value taken from screen is: Email is already taken<br/>On Test Success Listner: Test Name : selenium_testmethod2 Passed successfully</div></td></tr></table><p class="totop"><a href="#summary">back to summary</a></p></body></html>