<?xml version="1.0" encoding="UTF-8"?>
<!-- Generated by org.testng.reporters.JUnitReportReporter -->
<testsuite skipped="0" hostname="ANHROG" name="testclasses.SampleTest" tests="5" failures="2" timestamp="23 Aug 2017 04:48:19 GMT" time="0.006" errors="1">
  <testcase name="testMethod1" time="0.000" classname="testclasses.SampleTest">
    <error type="org.testng.TestNGException" message="
Cannot inject @Test annotated Method [testMethod1] with [class java.lang.String, class java.lang.String].
For more information on native dependency injection please refer to http://testng.org/doc/documentation-main.html#native-dependency-injection">
      <![CDATA[org.testng.TestNGException: 
Cannot inject @Test annotated Method [testMethod1] with [class java.lang.String, class java.lang.String].
For more information on native dependency injection please refer to http://testng.org/doc/documentation-main.html#native-dependency-injection
	at org.testng.internal.Parameters.checkParameterTypes(Parameters.java:244)
	at org.testng.internal.Parameters.createParameters(Parameters.java:172)
	at org.testng.internal.Parameters.createParameters(Parameters.java:458)
	at org.testng.internal.Parameters.handleParameters(Parameters.java:569)
	at org.testng.internal.Invoker.handleParameters(Invoker.java:1308)
	at org.testng.internal.Invoker.createParameters(Invoker.java:1036)
	at org.testng.internal.Invoker.invokeTestMethods(Invoker.java:1126)
	at org.testng.internal.TestMethodWorker.invokeTestMethods(TestMethodWorker.java:126)
	at org.testng.internal.TestMethodWorker.run(TestMethodWorker.java:109)
	at java.util.concurrent.ThreadPoolExecutor.runWorker(Unknown Source)
	at java.util.concurrent.ThreadPoolExecutor$Worker.run(Unknown Source)
	at java.lang.Thread.run(Unknown Source)
]]>
    </error>
  </testcase> <!-- testMethod1 -->
  <testcase name="testmethod4" time="0.001" classname="testclasses.SampleTest">
    <failure type="java.lang.AssertionError" message="The following asserts failed:
	testMethod2 - Values do not match expected [Hello World] but found [Anil.TestAutomationFramework.SomeClassToTest@14342062],
	 expected [3] but found [4],
	expected [10] but found [20]">
      <![CDATA[java.lang.AssertionError: The following asserts failed:
	testMethod2 - Values do not match expected [Hello World] but found [Anil.TestAutomationFramework.SomeClassToTest@14342062],
	 expected [3] but found [4],
	expected [10] but found [20]
	at org.testng.asserts.SoftAssert.assertAll(SoftAssert.java:43)
	at testclasses.SampleTest.testmethod4(SampleTest.java:51)
	at sun.reflect.NativeMethodAccessorImpl.invoke0(Native Method)
	at sun.reflect.NativeMethodAccessorImpl.invoke(Unknown Source)
	at sun.reflect.DelegatingMethodAccessorImpl.invoke(Unknown Source)
	at java.lang.reflect.Method.invoke(Unknown Source)
	at org.testng.internal.MethodInvocationHelper.invokeMethod(MethodInvocationHelper.java:108)
	at org.testng.internal.Invoker.invokeMethod(Invoker.java:661)
	at org.testng.internal.Invoker.invokeTestMethod(Invoker.java:869)
	at org.testng.internal.Invoker.invokeTestMethods(Invoker.java:1193)
	at org.testng.internal.TestMethodWorker.invokeTestMethods(TestMethodWorker.java:126)
	at org.testng.internal.TestMethodWorker.run(TestMethodWorker.java:109)
	at java.util.concurrent.ThreadPoolExecutor.runWorker(Unknown Source)
	at java.util.concurrent.ThreadPoolExecutor$Worker.run(Unknown Source)
	at java.lang.Thread.run(Unknown Source)
]]>
    </failure>
  </testcase> <!-- testmethod4 -->
  <testcase name="testmethod5" time="0.000" classname="testclasses.SampleTest"/>
  <testcase name="testMethod3" time="0.001" classname="testclasses.SampleTest"/>
  <testcase name="testMethod2" time="0.004" classname="testclasses.SampleTest">
    <failure type="java.lang.AssertionError" message="The following asserts failed:
	testMethod2 - Values do not match expected [Hello World] but found [Anil.TestAutomationFramework.SomeClassToTest@14342062]">
      <![CDATA[java.lang.AssertionError: The following asserts failed:
	testMethod2 - Values do not match expected [Hello World] but found [Anil.TestAutomationFramework.SomeClassToTest@14342062]
	at org.testng.asserts.SoftAssert.assertAll(SoftAssert.java:43)
	at testclasses.SampleTest.testMethod2(SampleTest.java:28)
	at sun.reflect.NativeMethodAccessorImpl.invoke0(Native Method)
	at sun.reflect.NativeMethodAccessorImpl.invoke(Unknown Source)
	at sun.reflect.DelegatingMethodAccessorImpl.invoke(Unknown Source)
	at java.lang.reflect.Method.invoke(Unknown Source)
	at org.testng.internal.MethodInvocationHelper.invokeMethod(MethodInvocationHelper.java:108)
	at org.testng.internal.Invoker.invokeMethod(Invoker.java:661)
	at org.testng.internal.Invoker.invokeTestMethod(Invoker.java:869)
	at org.testng.internal.Invoker.invokeTestMethods(Invoker.java:1193)
	at org.testng.internal.TestMethodWorker.invokeTestMethods(TestMethodWorker.java:126)
	at org.testng.internal.TestMethodWorker.run(TestMethodWorker.java:109)
	at java.util.concurrent.ThreadPoolExecutor.runWorker(Unknown Source)
	at java.util.concurrent.ThreadPoolExecutor$Worker.run(Unknown Source)
	at java.lang.Thread.run(Unknown Source)
]]>
    </failure>
  </testcase> <!-- testMethod2 -->
</testsuite> <!-- testclasses.SampleTest -->
